Parsing blog №152
06.06.10	22:26	fat0troll      	None              	GMT+3	22
05.06.10	20:58	Aineko         	Борисоглебск      	GMT+3	20
05.06.10	15:41	pilat          	None              	GMT+3	15
02.06.10	17:28	karlicos       	None              	GMT+3	17
02.06.10	10:25	pilat          	None              	GMT+3	10
01.06.10	20:39	K-9            	None              	GMT+3	20
01.06.10	12:38	DobrijZmej     	None              	GMT+3	12
29.05.10	23:27	exelens        	Санкт-Петербург   	GMT+3	23
29.05.10	21:50	lockie         	Дубна             	GMT+3	21
28.05.10	17:32	acubed         	Уфа               	GMT+5	19
28.05.10	07:52	hidden         	Хабаровск         	GMT+10	14
28.05.10	04:36	babich         	None              	GMT+3	4
28.05.10	03:47	al1e           	Солнечногорск     	GMT+3	3
27.05.10	10:47	MAXH0          	None              	GMT+3	10
24.05.10	20:19	greatperson    	Москва            	GMT+3	20
24.05.10	11:57	Golda          	None              	GMT+3	11
23.05.10	15:59	Alx            	None              	GMT+3	15
22.05.10	18:00	Budda40        	None              	GMT+3	18
21.05.10	10:54	Boga           	None              	GMT+3	10
19.05.10	15:19	solomenikm     	Гродно            	GMT+3	15
16.05.10	21:10	NickNill       	Киев              	GMT+3	21
14.05.10	17:16	xtavras        	Берлин            	GMT+3	17
13.05.10	10:26	der_y          	Омск              	GMT+6	13
11.05.10	21:35	dr_lo          	Gadda-Da-Vida     	GMT+3	21
09.05.10	14:54	JeanRiga       	Liege             	GMT+3	14
08.05.10	22:44	MAXH0          	None              	GMT+3	22
08.05.10	14:55	Cucumber       	None              	GMT+3	14
06.05.10	09:00	spyfzm         	None              	GMT+3	9
06.05.10	08:21	dinix          	583526526         	GMT+3	8
05.05.10	21:43	Rap3r          	Красноярск        	GMT+7	1
04.05.10	22:23	main           	Киев              	GMT+3	22
02.05.10	20:11	Bubalgum       	None              	GMT+3	20
02.05.10	10:37	pashazz        	None              	GMT+3	10
02.05.10	03:08	rome           	None              	GMT+3	3
27.04.10	13:55	divius         	None              	GMT+3	13
26.04.10	23:01	1um            	None              	GMT+3	23
24.04.10	09:52	ner_uto        	Тамбов            	GMT+3	9
23.04.10	17:45	Shtsh          	Минск             	GMT+3	17
22.04.10	15:20	exelens        	Санкт-Петербург   	GMT+3	15
22.04.10	11:02	nvbn           	Ангарск           	GMT+5	13
21.04.10	16:29	alexlen        	None              	GMT+3	16
16.04.10	18:42	xrays          	Полтава           	GMT+3	18
16.04.10	13:44	kirpichtion    	Комсомольск-на-Амуре	GMT+10	20
15.04.10	12:20	Volant         	МСК               	GMT+3	12
14.04.10	17:39	exelens        	Санкт-Петербург   	GMT+3	17
14.04.10	10:23	Zend           	Псков             	GMT+3	10
13.04.10	03:52	Aesdana        	Москва            	GMT+3	3
12.04.10	19:48	ner_uto        	Тамбов            	GMT+3	19
10.04.10	15:10	kakty3         	Новосибирск       	GMT+6	18
08.04.10	23:00	digiwhite      	Санкт-Петербург   	GMT+3	23
06.04.10	08:12	exelens        	Санкт-Петербург   	GMT+3	8
05.04.10	12:32	mrded          	Омск              	GMT+6	15
03.04.10	22:07	TiGR           	Ижевск            	GMT+4	23
03.04.10	13:25	ner_uto        	Тамбов            	GMT+3	13
01.04.10	11:29	c0nt0rti0n     	NiNo              	GMT+3	11
01.04.10	09:46	Elvis          	Набережные Челны  	GMT+3	9
31.03.10	15:40	Budda40        	None              	GMT+3	15
31.03.10	10:27	MagoBuono      	Астрахань         	GMT+3	10
30.03.10	15:29	nvbn           	Ангарск           	GMT+5	17
30.03.10	05:08	MagoBuono      	Астрахань         	GMT+3	5
27.03.10	22:20	Leliksan_Floyd 	Минск             	GMT+3	22
24.03.10	23:58	LiS-31         	None              	GMT+3	23
24.03.10	20:53	Vzlom          	Рязань            	GMT+3	20
24.03.10	11:54	wiz            	Дмитров           	GMT+3	11
22.03.10	20:00	mrded          	Омск              	GMT+6	23
16.03.10	19:47	rusik2391      	None              	GMT+3	19
10.03.10	12:11	exelens        	Санкт-Петербург   	GMT+3	12
09.03.10	21:38	exelens        	Санкт-Петербург   	GMT+3	21
09.03.10	15:03	ser_dm         	None              	GMT+3	15
08.03.10	21:34	Budda40        	None              	GMT+3	21
08.03.10	13:45	h0rr0rr_drag0n 	Санкт-Петербург   	GMT+3	13
07.03.10	23:16	pluton         	Одесса            	GMT+3	23
05.03.10	10:45	default        	None              	GMT+3	10
03.03.10	22:04	MagoBuono      	Астрахань         	GMT+3	22
02.03.10	16:04	Aineko         	Борисоглебск      	GMT+3	16
28.02.10	18:10	OldWiseJoe     	Екатеринбург      	GMT+5	20
24.02.10	14:48	dfx            	Череповец         	GMT+3	14
23.02.10	17:23	mutantcornholio	Новосибирск       	GMT+6	20
22.02.10	15:17	exelens        	Санкт-Петербург   	GMT+3	15
22.02.10	15:04	sattellite     	Брянск            	GMT+3	15
22.02.10	12:42	s_bot          	None              	GMT+3	12
19.02.10	12:27	d1g            	None              	GMT+3	12
19.02.10	09:09	extra          	None              	GMT+3	9
14.02.10	17:28	Bupyc          	None              	GMT+3	17
14.02.10	15:23	JeanRiga       	Liege             	GMT+3	15
14.02.10	13:45	Shtsh          	Минск             	GMT+3	13
12.02.10	17:35	Daria          	Werther           	GMT+3	17
12.02.10	17:10	nvbn           	Ангарск           	GMT+5	19
12.02.10	16:42	ner_uto        	Тамбов            	GMT+3	16
11.02.10	19:28	kaw            	None              	GMT+3	19
11.02.10	02:27	alexlen        	None              	GMT+3	2
08.02.10	15:32	exelens        	Санкт-Петербург   	GMT+3	15
08.02.10	14:01	fcsanok        	None              	GMT+3	14
07.02.10	11:13	sholoma        	Дзержинск         	GMT+3	11
06.02.10	02:18	Solar.Wind     	None              	GMT+3	2
05.02.10	12:26	SiNNeR         	None              	GMT+3	12
04.02.10	21:05	Shtsh          	Минск             	GMT+3	21
04.02.10	14:50	eXtractor      	None              	GMT+3	14
04.02.10	13:48	alexlen        	None              	GMT+3	13
02.02.10	17:46	exelens        	Санкт-Петербург   	GMT+3	17
02.02.10	16:41	exelens        	Санкт-Петербург   	GMT+3	16
01.02.10	22:32	ko10ok         	NSK               	GMT+3	22
01.02.10	12:51	alexlen        	None              	GMT+3	12
31.01.10	13:27	ner_uto        	Тамбов            	GMT+3	13
29.01.10	18:11	JLarky         	None              	GMT+3	18
28.01.10	23:15	or10n          	Минск             	GMT+3	23
28.01.10	01:28	NeonLight_Child	Moscow City       	GMT+3	1
24.01.10	19:51	Aineko         	Борисоглебск      	GMT+3	19
24.01.10	16:19	extra          	None              	GMT+3	16
24.01.10	14:16	xxxYURAxxx     	Минск             	GMT+3	14
23.01.10	00:25	Каунов         	None              	GMT+3	0
22.01.10	22:57	NickNill       	Киев              	GMT+3	22
22.01.10	21:13	Shtsh          	Минск             	GMT+3	21
22.01.10	16:34	d_shev         	Киев              	GMT+3	16
22.01.10	14:13	exelens        	Санкт-Петербург   	GMT+3	14
22.01.10	09:23	tu154          	None              	GMT+3	9
20.01.10	01:00	E_user         	Прага             	GMT+3	1
19.01.10	17:20	mrded          	Омск              	GMT+6	20
18.01.10	15:49	xtavras        	Берлин            	GMT+3	15
17.01.10	19:42	mirivlad       	Ангарск           	GMT+5	21
16.01.10	19:20	d1g            	None              	GMT+3	19
15.01.10	23:39	syava          	None              	GMT+3	23
15.01.10	00:11	booley         	Томск             	GMT+6	3
14.01.10	12:04	|xed|          	Санкт-Петербург   	GMT+3	12
13.01.10	21:46	fcsanok        	None              	GMT+3	21
13.01.10	20:27	NeonLight_Child	Moscow City       	GMT+3	20
13.01.10	18:12	MAXH0          	None              	GMT+3	18
11.01.10	18:51	apl            	Гатчина           	GMT+3	18
10.01.10	15:01	wildstyle      	Тула              	GMT+3	15
09.01.10	23:56	mrded          	Омск              	GMT+6	2
09.01.10	21:45	mrded          	Омск              	GMT+6	0
09.01.10	10:41	exelens        	Санкт-Петербург   	GMT+3	10
09.01.10	00:26	derfenix       	None              	GMT+3	0
08.01.10	15:47	Lost           	Москва            	GMT+3	15
07.01.10	16:01	extra          	None              	GMT+3	16
06.01.10	22:58	dementiy       	Санкт-Петербург   	GMT+3	22
06.01.10	18:22	extra          	None              	GMT+3	18
05.01.10	21:04	NickNill       	Киев              	GMT+3	21
04.01.10	00:56	assaron        	Санкт-Петербург   	GMT+3	0
01.01.10	19:15	NickNill       	Киев              	GMT+3	19
28.12.09	04:18	razum2um       	Барнаул           	GMT+6	7
27.12.09	18:24	JeanRiga       	Liege             	GMT+3	18
23.12.09	08:42	cocok          	None              	GMT+3	8
20.12.09	21:52	NeonLight_Child	Moscow City       	GMT+3	21
20.12.09	21:04	nvbn           	Ангарск           	GMT+5	23
18.12.09	21:57	rnby_mike      	Ангарск           	GMT+5	23
17.12.09	10:26	satsura        	None              	GMT+3	10
17.12.09	00:52	MagoBuono      	Астрахань         	GMT+3	0
15.12.09	17:17	zitryss        	None              	GMT+3	17
15.12.09	10:26	Murz           	Нижний Новгород   	GMT+3	10
12.12.09	15:33	xtavras        	Берлин            	GMT+3	15
11.12.09	14:29	aiva           	None              	GMT+3	14
11.12.09	09:21	exelens        	Санкт-Петербург   	GMT+3	9
10.12.09	05:08	checker        	None              	GMT+3	5
09.12.09	21:43	DarkMan        	Ханты-Мансийск    	GMT+3	21
03.12.09	22:04	Vzlom          	Рязань            	GMT+3	22
03.12.09	21:35	warchief       	None              	GMT+3	21
01.12.09	21:26	lomereiter     	Киров             	GMT+3	21
29.11.09	19:37	Kraplax        	Ангарск           	GMT+5	21
29.11.09	15:21	nvbn           	Ангарск           	GMT+5	17
28.11.09	21:05	myfreesoft     	None              	GMT+3	21
27.11.09	23:49	viggo          	Ижевск            	GMT+4	0
27.11.09	08:48	viggo          	Ижевск            	GMT+4	9
27.11.09	02:45	idler          	None              	GMT+3	2
26.11.09	21:40	Br00ks         	None              	GMT+3	21
26.11.09	21:14	NeonLight_Child	Moscow City       	GMT+3	21
26.11.09	20:38	exelens        	Санкт-Петербург   	GMT+3	20
23.11.09	18:04	goblinyara     	Ахтубинск         	GMT+3	18
17.11.09	16:35	viggo          	Ижевск            	GMT+4	17
13.11.09	11:06	clr_wld        	Самара            	GMT+4	12
10.11.09	21:01	NeonLight_Child	Moscow City       	GMT+3	21
10.11.09	08:49	exelens        	Санкт-Петербург   	GMT+3	8
05.11.09	10:38	viggo          	Ижевск            	GMT+4	11
05.11.09	05:03	smpcln         	None              	GMT+3	5
04.11.09	12:34	zarkone        	Барнаул           	GMT+6	15
02.11.09	01:34	NeonLight_Child	Moscow City       	GMT+3	1
01.11.09	15:55	benial         	50.498688,30.76807	GMT+3	15
31.10.09	21:14	NeonLight_Child	Moscow City       	GMT+3	21
31.10.09	11:08	h31            	Курск             	GMT+3	11
28.10.09	10:17	forconst       	Пермь             	GMT+5	12
28.10.09	07:28	psycho         	Горно-Алтайск     	GMT+3	7
27.10.09	15:04	alfedgio       	None              	GMT+3	15
24.10.09	16:02	exelens        	Санкт-Петербург   	GMT+3	16
20.10.09	21:50	m0nhawk        	Киев              	GMT+3	21
18.10.09	20:45	jrun           	Воскресенск       	GMT+3	20
18.10.09	18:56	enko           	Дудинка           	GMT+3	18
17.10.09	17:03	m0nhawk        	Киев              	GMT+3	17
13.10.09	17:03	ant            	Хмельницкий       	GMT+3	17
09.10.09	22:47	bobry          	Санкт-Петербург   	GMT+3	22
03.10.09	11:37	benial         	50.498688,30.76807	GMT+3	11
01.10.09	16:57	exelens        	Санкт-Петербург   	GMT+3	16
01.10.09	15:01	JeanRiga       	Liege             	GMT+3	15
01.10.09	13:02	zarkone        	Барнаул           	GMT+6	16
30.09.09	14:27	ner_uto        	Тамбов            	GMT+3	14
30.09.09	12:01	Filgor         	Москва            	GMT+3	12
30.09.09	11:41	broken         	Уфа               	GMT+5	13
29.09.09	17:11	ner_uto        	Тамбов            	GMT+3	17
27.09.09	21:56	nvbn           	Ангарск           	GMT+5	23
27.09.09	03:40	DEViANCE       	Днепропетровск    	GMT+3	3
26.09.09	09:55	exelens        	Санкт-Петербург   	GMT+3	9
25.09.09	20:23	garillka       	Москва            	GMT+3	20
25.09.09	10:57	Mag_reef       	None              	GMT+3	10
21.09.09	23:15	zer0nka        	None              	GMT+3	23
21.09.09	16:33	iXfiles        	None              	GMT+3	16
20.09.09	01:25	MagoBuono      	Астрахань         	GMT+3	1
15.09.09	20:27	viggo          	Ижевск            	GMT+4	21
14.09.09	19:24	Mutagena       	None              	GMT+3	19
14.09.09	17:48	exelens        	Санкт-Петербург   	GMT+3	17
14.09.09	16:42	MagoBuono      	Астрахань         	GMT+3	16
14.09.09	12:48	zwey           	None              	GMT+3	12
14.09.09	09:47	al1e           	Солнечногорск     	GMT+3	9
09.09.09	19:44	predator       	Москва            	GMT+3	19
09.09.09	12:42	exelens        	Санкт-Петербург   	GMT+3	12
08.09.09	13:33	exelens        	Санкт-Петербург   	GMT+3	13
05.09.09	21:09	MagoBuono      	Астрахань         	GMT+3	21
04.09.09	07:56	exelens        	Санкт-Петербург   	GMT+3	7
03.09.09	21:14	MagoBuono      	Астрахань         	GMT+3	21
03.09.09	10:37	MagoBuono      	Астрахань         	GMT+3	10
03.09.09	07:48	exelens        	Санкт-Петербург   	GMT+3	7
02.09.09	18:40	OldWiseJoe     	Екатеринбург      	GMT+5	20
01.09.09	11:31	or10n          	Минск             	GMT+3	11
31.08.09	18:45	razum2um       	Барнаул           	GMT+6	21
31.08.09	17:19	nvbn           	Ангарск           	GMT+5	19
31.08.09	11:50	exelens        	Санкт-Петербург   	GMT+3	11
29.08.09	09:52	exelens        	Санкт-Петербург   	GMT+3	9
18.08.09	12:53	Username       	Рязань            	GMT+3	12
15.08.09	02:42	zer0nka        	None              	GMT+3	2
14.08.09	17:10	exelens        	Санкт-Петербург   	GMT+3	17
12.08.09	12:35	ZogG           	Тель-Авив         	GMT+3	12
11.08.09	09:42	exelens        	Санкт-Петербург   	GMT+3	9
29.07.09	01:37	FalleN         	Серпухов          	GMT+3	1
24.07.09	12:05	kerbeross      	None              	GMT+3	12
21.07.09	19:35	lwilis         	Сергиев Посад     	GMT+3	19
21.07.09	13:38	exelens        	Санкт-Петербург   	GMT+3	13
21.07.09	08:40	hidden         	Хабаровск         	GMT+10	15
21.07.09	02:05	karapuz        	None              	GMT+3	2
16.07.09	02:43	umren          	None              	GMT+3	2
15.07.09	16:46	exelens        	Санкт-Петербург   	GMT+3	16
07.07.09	13:59	kampfusbeke    	None              	GMT+3	13
04.07.09	16:57	Username       	Рязань            	GMT+3	16
29.06.09	14:52	ant            	Хмельницкий       	GMT+3	14
29.06.09	12:54	exelens        	Санкт-Петербург   	GMT+3	12
27.06.09	19:25	SMiX           	Москва            	GMT+3	19
25.06.09	09:02	Elijah         	None              	GMT+3	9
24.06.09	22:24	bobry          	Санкт-Петербург   	GMT+3	22
23.06.09	13:35	NucleoFag      	Волгоград/Санкт-Петербург	GMT+3	13
20.06.09	13:34	Elijah         	None              	GMT+3	13
19.06.09	17:14	SMiX           	Москва            	GMT+3	17
18.06.09	01:15	umren          	None              	GMT+3	1
13.06.09	23:51	umren          	None              	GMT+3	23
13.06.09	11:28	xdemon         	Москва            	GMT+3	11
06.06.09	00:21	humanoid       	None              	GMT+3	0
05.06.09	12:15	ant            	Хмельницкий       	GMT+3	12
04.06.09	08:14	nimnull        	Томск             	GMT+6	11
29.05.09	13:11	sevka          	None              	GMT+3	13
28.05.09	15:40	predator       	Москва            	GMT+3	15
27.05.09	17:15	m01            	None              	GMT+3	17
24.05.09	18:22	Elijah         	None              	GMT+3	18
22.05.09	22:49	Username       	Рязань            	GMT+3	22
17.05.09	23:06	exelens        	Санкт-Петербург   	GMT+3	23
15.05.09	16:39	safon4ik       	None              	GMT+3	16
06.05.09	11:49	mikle          	Харьков           	GMT+3	11
29.04.09	22:07	rafdef         	None              	GMT+3	22
26.04.09	11:03	exelens        	Санкт-Петербург   	GMT+3	11
25.04.09	06:09	distruktor     	Красноярск        	GMT+7	10
23.04.09	15:06	ant            	Хмельницкий       	GMT+3	15
19.04.09	17:26	spiff          	Барнаул           	GMT+6	20
17.04.09	15:19	nvbn           	Ангарск           	GMT+5	17
11.04.09	18:40	nvbn           	Ангарск           	GMT+5	20
08.04.09	07:55	exelens        	Санкт-Петербург   	GMT+3	7
03.04.09	11:33	chaineg        	None              	GMT+3	11
02.04.09	18:26	nvbn           	Ангарск           	GMT+5	20
25.03.09	19:12	xcr            	None              	GMT+3	19
25.03.09	15:48	KerneL         	None              	GMT+3	15
20.03.09	20:39	exelens        	Санкт-Петербург   	GMT+3	20
17.03.09	17:47	Kraplax        	Ангарск           	GMT+5	19
15.03.09	20:03	MAXH0          	None              	GMT+3	20
26.02.09	14:45	sqrrl          	None              	GMT+3	14
25.02.09	20:00	xcr            	None              	GMT+3	20
21.02.09	14:39	xcr            	None              	GMT+3	14
03.02.09	23:45	xcr            	None              	GMT+3	23
03.02.09	15:32	eva01          	None              	GMT+3	15
29.01.09	16:56	eva01          	None              	GMT+3	16
29.01.09	10:55	hidden         	Хабаровск         	GMT+10	17
27.01.09	12:07	xcr            	None              	GMT+3	12
26.01.09	10:39	kernel         	None              	GMT+3	10
26.01.09	08:25	hidden         	Хабаровск         	GMT+10	15
23.01.09	00:29	sdvn           	Москва            	GMT+3	0
16.01.09	22:54	exelens        	Санкт-Петербург   	GMT+3	22
07.01.09	23:29	eva01          	None              	GMT+3	23

By-hour statictics for blog №152: 
 0: 2.76%	 [==                                                                              ]
 1: 2.41%	 [=                                                                               ]
 2: 2.41%	 [=                                                                               ]
 3: 1.72%	 [=                                                                               ]
 4: 0.34%	 [                                                                                ]
 5: 1.03%	 [                                                                                ]
 6: 0.00%	 [                                                                                ]
 7: 1.72%	 [=                                                                               ]
 8: 1.38%	 [=                                                                               ]
 9: 4.14%	 [===                                                                             ]
10: 4.83%	 [===                                                                             ]
11: 4.83%	 [===                                                                             ]
12: 6.55%	 [=====                                                                           ]
13: 5.17%	 [====                                                                            ]
14: 4.48%	 [===                                                                             ]
15: 8.62%	 [======                                                                          ]
16: 5.52%	 [====                                                                            ]
17: 6.90%	 [=====                                                                           ]
18: 3.79%	 [===                                                                             ]
19: 5.17%	 [====                                                                            ]
20: 6.90%	 [=====                                                                           ]
21: 8.62%	 [======                                                                          ]
22: 4.83%	 [===                                                                             ]
23: 5.86%	 [====                                                                            ]


