Parsing blog №9
05.06.10	14:07	nvbn           	Ангарск           	GMT+5	16
06.04.10	17:51	exelens        	Санкт-Петербург   	GMT+3	17
29.03.10	21:47	nvbn           	Ангарск           	GMT+5	23
29.03.10	20:46	nvbn           	Ангарск           	GMT+5	22
19.02.10	20:21	nvbn           	Ангарск           	GMT+5	22
20.01.10	16:13	nvbn           	Ангарск           	GMT+5	18
06.01.10	01:06	nvbn           	Ангарск           	GMT+5	3
19.12.09	01:35	nvbn           	Ангарск           	GMT+5	3
21.11.09	20:14	nvbn           	Ангарск           	GMT+5	22
21.11.09	20:10	exelens        	Санкт-Петербург   	GMT+3	20
30.09.09	18:04	nvbn           	Ангарск           	GMT+5	20
13.09.09	21:07	nvbn           	Ангарск           	GMT+5	23
05.09.09	20:12	Kraplax        	Ангарск           	GMT+5	22
05.09.09	19:27	nvbn           	Ангарск           	GMT+5	21
19.08.09	17:38	nvbn           	Ангарск           	GMT+5	19
08.08.09	15:09	nvbn           	Ангарск           	GMT+5	17
30.07.09	17:02	Kraplax        	Ангарск           	GMT+5	19
24.06.09	20:05	nvbn           	Ангарск           	GMT+5	22
19.06.09	11:42	nvbn           	Ангарск           	GMT+5	13
18.06.09	16:44	nvbn           	Ангарск           	GMT+5	18
12.06.09	16:26	nvbn           	Ангарск           	GMT+5	18
08.06.09	10:37	nvbn           	Ангарск           	GMT+5	12
07.06.09	17:26	nvbn           	Ангарск           	GMT+5	19
24.05.09	12:35	nvbn           	Ангарск           	GMT+5	14
25.04.09	12:47	exelens        	Санкт-Петербург   	GMT+3	12
22.04.09	21:42	Kraplax        	Ангарск           	GMT+5	23
19.04.09	19:17	nvbn           	Ангарск           	GMT+5	21
08.04.09	12:59	nvbn           	Ангарск           	GMT+5	14
03.04.09	14:37	nvbn           	Ангарск           	GMT+5	16
25.03.09	16:49	nvbn           	Ангарск           	GMT+5	18
09.03.09	17:38	nvbn           	Ангарск           	GMT+5	19
04.03.09	17:57	booley         	Томск             	GMT+6	20
04.03.09	14:43	xT             	Омск              	GMT+6	17
04.03.09	14:05	exelens        	Санкт-Петербург   	GMT+3	14
04.03.09	13:46	nvbn           	Ангарск           	GMT+5	15
04.03.09	13:23	exelens        	Санкт-Петербург   	GMT+3	13
04.03.09	00:42	dreik          	None              	GMT+3	0
03.03.09	09:37	oper777        	None              	GMT+3	9
02.03.09	07:50	exelens        	Санкт-Петербург   	GMT+3	7
01.03.09	16:42	exelens        	Санкт-Петербург   	GMT+3	16
28.02.09	20:23	nvbn           	Ангарск           	GMT+5	22
28.02.09	11:23	exelens        	Санкт-Петербург   	GMT+3	11
28.02.09	11:00	KerneL         	None              	GMT+3	11
27.02.09	23:41	Username       	Рязань            	GMT+3	23
27.02.09	18:15	booley         	Томск             	GMT+6	21
26.02.09	19:28	Denis          	Одесса            	GMT+3	19
26.02.09	08:49	booley         	Томск             	GMT+6	11
25.02.09	18:52	Username       	Рязань            	GMT+3	18
25.02.09	17:14	a1fred         	None              	GMT+3	17
25.02.09	13:19	KerneL         	None              	GMT+3	13
25.02.09	12:12	polatov        	None              	GMT+3	12
25.02.09	10:43	spiff          	Барнаул           	GMT+6	13
25.02.09	10:21	booley         	Томск             	GMT+6	13
25.02.09	08:31	exelens        	Санкт-Петербург   	GMT+3	8
24.02.09	18:26	exelens        	Санкт-Петербург   	GMT+3	18
24.02.09	15:34	exelens        	Санкт-Петербург   	GMT+3	15
24.02.09	12:10	KerneL         	None              	GMT+3	12
24.02.09	10:25	nvbn           	Ангарск           	GMT+5	12
23.02.09	23:00	exelens        	Санкт-Петербург   	GMT+3	23
23.02.09	13:14	nvbn           	Ангарск           	GMT+5	15
23.02.09	11:28	brainfucker    	None              	GMT+3	11
22.02.09	15:56	Denis          	Одесса            	GMT+3	15
22.02.09	10:14	exelens        	Санкт-Петербург   	GMT+3	10
21.02.09	21:27	polatov        	None              	GMT+3	21
21.02.09	21:05	polatov        	None              	GMT+3	21
21.02.09	17:01	exelens        	Санкт-Петербург   	GMT+3	17
21.02.09	14:28	skyoker        	Ростов-на-Дону    	GMT+3	14
21.02.09	14:13	Denis          	Одесса            	GMT+3	14
21.02.09	12:05	exelens        	Санкт-Петербург   	GMT+3	12
20.02.09	17:08	exelens        	Санкт-Петербург   	GMT+3	17
20.02.09	13:26	polatov        	None              	GMT+3	13
20.02.09	13:03	exelens        	Санкт-Петербург   	GMT+3	13
19.02.09	03:59	woobe          	None              	GMT+3	3
18.02.09	12:10	nvbn           	Ангарск           	GMT+5	14
17.02.09	10:31	exelens        	Санкт-Петербург   	GMT+3	10
16.02.09	22:21	exelens        	Санкт-Петербург   	GMT+3	22
16.02.09	22:08	exelens        	Санкт-Петербург   	GMT+3	22
15.02.09	15:07	nvbn           	Ангарск           	GMT+5	17
15.02.09	10:30	exelens        	Санкт-Петербург   	GMT+3	10
14.02.09	17:36	Snake          	None              	GMT+3	17
14.02.09	16:37	nvbn           	Ангарск           	GMT+5	18
13.02.09	12:50	nvbn           	Ангарск           	GMT+5	14
12.02.09	23:27	exelens        	Санкт-Петербург   	GMT+3	23
12.02.09	23:13	exelens        	Санкт-Петербург   	GMT+3	23
12.02.09	22:29	exelens        	Санкт-Петербург   	GMT+3	22
12.02.09	21:58	vrusinov       	Воронеж           	GMT+3	21
11.02.09	11:48	KerneL         	None              	GMT+3	11
10.02.09	12:41	exelens        	Санкт-Петербург   	GMT+3	12
09.02.09	21:54	stetzen        	None              	GMT+3	21
05.02.09	15:30	nvbn           	Ангарск           	GMT+5	17
03.02.09	11:22	nvbn           	Ангарск           	GMT+5	13
31.01.09	12:33	nvbn           	Ангарск           	GMT+5	14
18.01.09	09:09	nvbn           	Ангарск           	GMT+5	11
14.01.09	05:30	nvbn           	Ангарск           	GMT+5	7
13.01.09	08:11	nvbn           	Ангарск           	GMT+5	10
11.01.09	17:55	nvbn           	Ангарск           	GMT+5	19
10.01.09	23:34	exelens        	Санкт-Петербург   	GMT+3	23
05.01.09	16:29	nvbn           	Ангарск           	GMT+5	18
31.12.08	09:13	nvbn           	Ангарск           	GMT+5	11
26.12.08	16:28	nvbn           	Ангарск           	GMT+5	18
25.12.08	20:13	nvbn           	Ангарск           	GMT+5	22
22.12.08	11:46	nvbn           	Ангарск           	GMT+5	13
21.12.08	19:24	exelens        	Санкт-Петербург   	GMT+3	19
21.12.08	14:26	nvbn           	Ангарск           	GMT+5	16
21.12.08	12:13	nvbn           	Ангарск           	GMT+5	14
20.12.08	17:55	stetzen        	None              	GMT+3	17
20.12.08	09:46	nvbn           	Ангарск           	GMT+5	11
19.12.08	17:22	nvbn           	Ангарск           	GMT+5	19
19.12.08	13:54	nvbn           	Ангарск           	GMT+5	15
18.12.08	12:37	nvbn           	Ангарск           	GMT+5	14

By-hour statictics for blog №9: 
 0: 0.91%	 [                                                                                ]
 1: 0.00%	 [                                                                                ]
 2: 0.00%	 [                                                                                ]
 3: 2.73%	 [==                                                                              ]
 4: 0.00%	 [                                                                                ]
 5: 0.00%	 [                                                                                ]
 6: 0.00%	 [                                                                                ]
 7: 1.82%	 [=                                                                               ]
 8: 0.91%	 [                                                                                ]
 9: 0.91%	 [                                                                                ]
10: 3.64%	 [==                                                                              ]
11: 7.27%	 [=====                                                                           ]
12: 6.36%	 [=====                                                                           ]
13: 8.18%	 [======                                                                          ]
14: 9.09%	 [=======                                                                         ]
15: 4.55%	 [===                                                                             ]
16: 3.64%	 [==                                                                              ]
17: 9.09%	 [=======                                                                         ]
18: 8.18%	 [======                                                                          ]
19: 7.27%	 [=====                                                                           ]
20: 2.73%	 [==                                                                              ]
21: 6.36%	 [=====                                                                           ]
22: 9.09%	 [=======                                                                         ]
23: 7.27%	 [=====                                                                           ]


