Parsing blog №35
07.06.10	13:09	forconst       	Пермь             	GMT+5	15
07.06.10	12:30	mitrik         	None              	GMT+3	12
06.06.10	22:06	fcsanok        	None              	GMT+3	22
04.06.10	21:38	K-9            	None              	GMT+3	21
04.06.10	18:24	antigluk       	Винница           	GMT+3	18
04.06.10	16:35	mrded          	Омск              	GMT+6	19
04.06.10	07:36	hidden         	Хабаровск         	GMT+10	14
03.06.10	19:22	razum2um       	Барнаул           	GMT+6	22
02.06.10	21:36	rakoth         	Омск              	GMT+6	0
02.06.10	07:38	hidden         	Хабаровск         	GMT+10	14
02.06.10	01:57	binlinux       	None              	GMT+3	1
01.06.10	23:16	wilful         	None              	GMT+3	23
01.06.10	10:20	mrded          	Омск              	GMT+6	13
01.06.10	09:43	Alx            	None              	GMT+3	9
01.06.10	01:51	dr_magnus      	Кременчуг         	GMT+3	1
31.05.10	22:33	osiris         	None              	GMT+3	22
31.05.10	20:47	al1e           	Солнечногорск     	GMT+3	20
31.05.10	18:07	off220         	None              	GMT+3	18
31.05.10	16:54	Chief          	Крымск            	GMT+3	16
31.05.10	16:53	razum2um       	Барнаул           	GMT+6	19
31.05.10	16:13	total          	Барнаул           	GMT+6	19
31.05.10	13:12	E_user         	Прага             	GMT+3	13
30.05.10	22:10	E_user         	Прага             	GMT+3	22
30.05.10	19:48	karp           	Екатеринбург      	GMT+5	21
30.05.10	18:59	E_user         	Прага             	GMT+3	18
30.05.10	18:14	off220         	None              	GMT+3	18
30.05.10	17:34	off220         	None              	GMT+3	17
30.05.10	16:08	karlicos       	None              	GMT+3	16
30.05.10	16:04	Zend           	Псков             	GMT+3	16
29.05.10	16:37	exelens        	Санкт-Петербург   	GMT+3	16
29.05.10	16:36	exelens        	Санкт-Петербург   	GMT+3	16
29.05.10	15:07	xrays          	Полтава           	GMT+3	15
29.05.10	12:37	d1gnity        	None              	GMT+3	12
29.05.10	08:44	dr_magnus      	Кременчуг         	GMT+3	8
29.05.10	01:15	Aineko         	Борисоглебск      	GMT+3	1
29.05.10	01:13	other.bigmouse 	Гомель            	GMT+3	1
28.05.10	20:27	wat_che        	Измаил            	GMT+3	20
28.05.10	12:26	immortalday    	Казань            	GMT+3	12
26.05.10	14:55	Light          	None              	GMT+3	14
24.05.10	14:07	TiGR           	Ижевск            	GMT+4	15
23.05.10	22:39	nett00n        	None              	GMT+3	22
23.05.10	22:15	goganchic      	None              	GMT+3	22
21.05.10	17:21	d1gnity        	None              	GMT+3	17
21.05.10	10:25	nvbn           	Ангарск           	GMT+5	12
21.05.10	01:27	dr_magnus      	Кременчуг         	GMT+3	1
20.05.10	12:22	Slip           	Днепродзержинск   	GMT+3	12
19.05.10	14:16	aazm           	Москва            	GMT+3	14
19.05.10	00:38	main           	Киев              	GMT+3	0
18.05.10	21:32	lensoff        	None              	GMT+3	21
17.05.10	12:25	MAXH0          	None              	GMT+3	12
17.05.10	09:25	dinix          	583526526         	GMT+3	9
16.05.10	22:45	fcsanok        	None              	GMT+3	22
16.05.10	04:37	DEViANCE       	Днепропетровск    	GMT+3	4
13.05.10	18:45	kov_serg       	None              	GMT+3	18
13.05.10	16:07	Aleksdem       	Рязань            	GMT+3	16
13.05.10	11:26	Zend           	Псков             	GMT+3	11
12.05.10	20:28	MAXH0          	None              	GMT+3	20
12.05.10	00:18	C0rWin         	None              	GMT+3	0
11.05.10	17:14	strk           	Казань            	GMT+3	17
11.05.10	04:08	SauronWP       	Николаев          	GMT+3	4
10.05.10	18:06	Guest007       	Выборг            	GMT+3	18
10.05.10	06:37	Kraplax        	Ангарск           	GMT+5	8
09.05.10	23:08	divius         	None              	GMT+3	23
09.05.10	18:26	nvbn           	Ангарск           	GMT+5	20
07.05.10	07:08	nvbn           	Ангарск           	GMT+5	9
07.05.10	00:36	yuretsz        	Николаев          	GMT+3	0
06.05.10	16:24	solomenikm     	Гродно            	GMT+3	16
05.05.10	01:55	ner_uto        	Тамбов            	GMT+3	1
04.05.10	14:06	Shihad         	None              	GMT+3	14
04.05.10	09:45	rakoth         	Омск              	GMT+6	12
02.05.10	22:33	digiwhite      	Санкт-Петербург   	GMT+3	22
02.05.10	19:30	MagoBuono      	Астрахань         	GMT+3	19
02.05.10	11:41	ko10ok         	NSK               	GMT+3	11
02.05.10	10:55	exelens        	Санкт-Петербург   	GMT+3	10
01.05.10	12:04	kopartm        	None              	GMT+3	12
30.04.10	23:34	main           	Киев              	GMT+3	23
30.04.10	10:18	Code_Warrior   	Киев              	GMT+3	10
30.04.10	06:30	nvbn           	Ангарск           	GMT+5	8
28.04.10	20:17	WiseLord       	None              	GMT+3	20
28.04.10	18:22	Геон           	None              	GMT+3	18
28.04.10	16:03	predator       	Москва            	GMT+3	16
28.04.10	15:00	squ1b3r        	Челябинск         	GMT+5	17
27.04.10	16:24	mhspace        	Гродно            	GMT+3	16
27.04.10	09:11	nvbn           	Ангарск           	GMT+5	11
26.04.10	13:54	Mac            	Улан-Удэ          	GMT+8	18
26.04.10	07:46	forconst       	Пермь             	GMT+5	9
26.04.10	01:50	ner_uto        	Тамбов            	GMT+3	1
24.04.10	08:31	exelens        	Санкт-Петербург   	GMT+3	8
23.04.10	13:32	exelens        	Санкт-Петербург   	GMT+3	13
22.04.10	11:18	exelens        	Санкт-Петербург   	GMT+3	11
22.04.10	03:33	MagoBuono      	Астрахань         	GMT+3	3
21.04.10	15:38	other.bigmouse 	Гомель            	GMT+3	15
20.04.10	13:36	FTDeBUGgeR     	None              	GMT+3	13
20.04.10	10:37	SergMarkov     	None              	GMT+3	10
19.04.10	21:00	Astronom       	None              	GMT+3	21
19.04.10	17:27	ko10ok         	NSK               	GMT+3	17
19.04.10	08:06	nvbn           	Ангарск           	GMT+5	10
18.04.10	06:25	todeus         	Владивосток       	GMT+10	13
17.04.10	03:17	exelens        	Санкт-Петербург   	GMT+3	3
17.04.10	03:08	exelens        	Санкт-Петербург   	GMT+3	3
16.04.10	20:21	mwChief        	None              	GMT+3	20
16.04.10	10:05	exelens        	Санкт-Петербург   	GMT+3	10
15.04.10	18:07	solomenikm     	Гродно            	GMT+3	18
15.04.10	09:15	exelens        	Санкт-Петербург   	GMT+3	9
15.04.10	07:38	exelens        	Санкт-Петербург   	GMT+3	7
15.04.10	07:33	exelens        	Санкт-Петербург   	GMT+3	7
15.04.10	07:32	exelens        	Санкт-Петербург   	GMT+3	7
15.04.10	07:25	exelens        	Санкт-Петербург   	GMT+3	7
14.04.10	22:27	h0rr0rr_drag0n 	Санкт-Петербург   	GMT+3	22
13.04.10	06:21	Mac            	Улан-Удэ          	GMT+8	11
13.04.10	02:10	dr_magnus      	Кременчуг         	GMT+3	2
12.04.10	18:26	extra          	None              	GMT+3	18
12.04.10	16:44	c0nt0rti0n     	NiNo              	GMT+3	16
12.04.10	12:47	fsh            	Баку              	GMT+3	12
11.04.10	21:41	vchibikov      	None              	GMT+3	21
11.04.10	21:06	zabugor        	None              	GMT+3	21
11.04.10	17:59	iDenfnatic     	None              	GMT+3	17
11.04.10	11:08	nvbn           	Ангарск           	GMT+5	13
10.04.10	15:03	ksn135         	Москва            	GMT+3	15
10.04.10	09:48	exelens        	Санкт-Петербург   	GMT+3	9
10.04.10	00:18	exelens        	Санкт-Петербург   	GMT+3	0
09.04.10	20:13	ZRDX           	Санкт-Петербург   	GMT+3	20
09.04.10	19:30	apl            	Гатчина           	GMT+3	19
08.04.10	20:21	MagoBuono      	Астрахань         	GMT+3	20
07.04.10	16:57	xtavras        	Берлин            	GMT+3	16
07.04.10	05:52	hidden         	Хабаровск         	GMT+10	12
06.04.10	10:39	MagoBuono      	Астрахань         	GMT+3	10
06.04.10	09:00	sholoma        	Дзержинск         	GMT+3	9
04.04.10	19:35	mrded          	Омск              	GMT+6	22
04.04.10	13:25	heavyrail      	None              	GMT+3	13
01.04.10	06:25	hidden         	Хабаровск         	GMT+10	13
29.03.10	23:19	dr_magnus      	Кременчуг         	GMT+3	23
24.03.10	01:45	garillka       	Москва            	GMT+3	1
22.03.10	17:06	al1e           	Солнечногорск     	GMT+3	17
22.03.10	02:39	mrded          	Омск              	GMT+6	5
19.03.10	23:02	heavyrail      	None              	GMT+3	23
18.03.10	01:29	Minoru         	None              	GMT+3	1
17.03.10	22:41	dr_magnus      	Кременчуг         	GMT+3	22
17.03.10	21:15	nvbn           	Ангарск           	GMT+5	23
15.03.10	00:42	NeonLight_Child	Moscow City       	GMT+3	0
13.03.10	19:15	kuralesov      	None              	GMT+3	19
12.03.10	18:44	nvbn           	Ангарск           	GMT+5	20
11.03.10	19:00	exelens        	Санкт-Петербург   	GMT+3	19
10.03.10	11:17	ner_uto        	Тамбов            	GMT+3	11
09.03.10	10:22	hidden         	Хабаровск         	GMT+10	17
06.03.10	01:00	wildstyle      	Тула              	GMT+3	1
04.03.10	21:01	predator       	Москва            	GMT+3	21
03.03.10	19:09	nvbn           	Ангарск           	GMT+5	21
03.03.10	13:12	Guest007       	Выборг            	GMT+3	13
03.03.10	11:28	exelens        	Санкт-Петербург   	GMT+3	11
03.03.10	05:08	leonder        	Обнинск           	GMT+3	5
02.03.10	15:12	nvbn           	Ангарск           	GMT+5	17
28.02.10	19:19	NeonLight_Child	Moscow City       	GMT+3	19
25.02.10	14:57	heavyrail      	None              	GMT+3	14
24.02.10	07:52	zwey           	None              	GMT+3	7
24.02.10	02:57	solomenikm     	Гродно            	GMT+3	2
21.02.10	17:46	MagoBuono      	Астрахань         	GMT+3	17
18.02.10	18:27	brg            	None              	GMT+3	18
18.02.10	16:53	aspire89       	Пермь             	GMT+5	18
18.02.10	04:32	hidden         	Хабаровск         	GMT+10	11
17.02.10	21:17	solomenikm     	Гродно            	GMT+3	21
17.02.10	16:01	heavyrail      	None              	GMT+3	16
17.02.10	02:08	d1g            	None              	GMT+3	2
16.02.10	18:49	alexlen        	None              	GMT+3	18
16.02.10	13:28	mrded          	Омск              	GMT+6	16
15.02.10	23:54	Aineko         	Борисоглебск      	GMT+3	23
15.02.10	14:00	solomenikm     	Гродно            	GMT+3	14
14.02.10	15:50	Ginz           	None              	GMT+3	15
13.02.10	20:15	booley         	Томск             	GMT+6	23
13.02.10	00:28	mrded          	Омск              	GMT+6	3
12.02.10	23:49	total          	Барнаул           	GMT+6	2
12.02.10	22:50	NeonLight_Child	Moscow City       	GMT+3	22
12.02.10	13:51	Timur1976      	None              	GMT+3	13
11.02.10	16:22	heavyrail      	None              	GMT+3	16
11.02.10	14:29	total          	Барнаул           	GMT+6	17
11.02.10	12:17	m039           	None              	GMT+3	12
10.02.10	20:12	warchief       	None              	GMT+3	20
09.02.10	15:24	sergicus       	None              	GMT+3	15
09.02.10	00:23	mutantcornholio	Новосибирск       	GMT+6	3
08.02.10	22:55	Popeye         	Петропавловск     	GMT+3	22
08.02.10	20:26	NeonLight_Child	Moscow City       	GMT+3	20
08.02.10	16:42	mrded          	Омск              	GMT+6	19
07.02.10	22:07	exelens        	Санкт-Петербург   	GMT+3	22
07.02.10	19:32	MAXH0          	None              	GMT+3	19
07.02.10	13:28	vorovtsev      	None              	GMT+3	13
06.02.10	18:20	ArtemZ         	None              	GMT+3	18
06.02.10	15:49	booley         	Томск             	GMT+6	18
05.02.10	13:51	forconst       	Пермь             	GMT+5	15
04.02.10	23:17	Username       	Рязань            	GMT+3	23
03.02.10	22:42	booley         	Томск             	GMT+6	1
02.02.10	19:41	predator       	Москва            	GMT+3	19
02.02.10	18:16	mrded          	Омск              	GMT+6	21
31.01.10	20:24	exelens        	Санкт-Петербург   	GMT+3	20
30.01.10	22:50	NeonLight_Child	Moscow City       	GMT+3	22
29.01.10	19:07	exelens        	Санкт-Петербург   	GMT+3	19
29.01.10	18:19	xtavras        	Берлин            	GMT+3	18
28.01.10	23:13	exelens        	Санкт-Петербург   	GMT+3	23
28.01.10	20:25	le087          	Екатеринбург      	GMT+5	22
28.01.10	00:10	exelens        	Санкт-Петербург   	GMT+3	0
27.01.10	12:34	doochik        	Москва            	GMT+3	12
26.01.10	23:27	nvbn           	Ангарск           	GMT+5	1
25.01.10	19:51	Aesdana        	Москва            	GMT+3	19
24.01.10	22:37	pashazz        	None              	GMT+3	22
24.01.10	16:18	gen1s          	Люберцы           	GMT+3	16
23.01.10	10:25	guineapig      	None              	GMT+3	10
23.01.10	00:59	zuix           	None              	GMT+3	0
22.01.10	20:44	nvbn           	Ангарск           	GMT+5	22
22.01.10	16:47	ZogG           	Тель-Авив         	GMT+3	16
20.01.10	13:01	exelens        	Санкт-Петербург   	GMT+3	13
18.01.10	10:51	Shtsh          	Минск             	GMT+3	10
16.01.10	16:41	E_user         	Прага             	GMT+3	16
15.01.10	21:06	s2h            	None              	GMT+3	21
13.01.10	22:59	krig           	Омск              	GMT+6	1
13.01.10	00:04	idler          	None              	GMT+3	0
12.01.10	19:36	nvbn           	Ангарск           	GMT+5	21
11.01.10	19:22	esto           	None              	GMT+3	19
11.01.10	18:38	exelens        	Санкт-Петербург   	GMT+3	18
11.01.10	17:40	xtavras        	Берлин            	GMT+3	17
10.01.10	17:14	NeonLight_Child	Moscow City       	GMT+3	17
09.01.10	19:17	satone         	None              	GMT+3	19
08.01.10	20:02	dront78        	Москва            	GMT+3	20
07.01.10	22:39	NickNill       	Киев              	GMT+3	22
06.01.10	01:53	or10n          	Минск             	GMT+3	1
05.01.10	14:49	Merovigen      	Киров             	GMT+3	14
04.01.10	19:19	KpoHyc         	Санкт-Петербург   	GMT+3	19
04.01.10	17:18	n7y            	None              	GMT+3	17
02.01.10	23:04	al1e           	Солнечногорск     	GMT+3	23
30.12.09	12:31	d1g            	None              	GMT+3	12
27.12.09	17:44	|xed|          	Санкт-Петербург   	GMT+3	17
25.12.09	16:35	krig           	Омск              	GMT+6	19
25.12.09	15:15	al1e           	Солнечногорск     	GMT+3	15
25.12.09	14:12	ner_uto        	Тамбов            	GMT+3	14
25.12.09	12:05	SiNNeR         	None              	GMT+3	12
25.12.09	00:59	TiGR           	Ижевск            	GMT+4	1
24.12.09	23:50	m0nhawk        	Киев              	GMT+3	23
23.12.09	08:56	exelens        	Санкт-Петербург   	GMT+3	8
22.12.09	13:09	booley         	Томск             	GMT+6	16
20.12.09	23:16	ner_uto        	Тамбов            	GMT+3	23
19.12.09	18:29	SiNNeR         	None              	GMT+3	18
19.12.09	15:39	exelens        	Санкт-Петербург   	GMT+3	15
18.12.09	18:49	m0nhawk        	Киев              	GMT+3	18
18.12.09	13:30	satsura        	None              	GMT+3	13
15.12.09	22:42	mylokin        	None              	GMT+3	22
13.12.09	12:25	cocok          	None              	GMT+3	12
11.12.09	20:46	exelens        	Санкт-Петербург   	GMT+3	20
06.12.09	01:02	TiGR           	Ижевск            	GMT+4	2
05.12.09	23:48	exelens        	Санкт-Петербург   	GMT+3	23
01.12.09	17:13	heavyrail      	None              	GMT+3	17
29.11.09	14:19	Zereal         	Ташкент           	GMT+3	14
28.11.09	03:42	exelens        	Санкт-Петербург   	GMT+3	3
26.11.09	01:57	ilzoff         	None              	GMT+3	1
25.11.09	10:32	MAXH0          	None              	GMT+3	10
24.11.09	23:41	exelens        	Санкт-Петербург   	GMT+3	23
24.11.09	01:28	Midler         	СПб               	GMT+3	1
22.11.09	01:43	Sokoloff       	None              	GMT+3	1
20.11.09	13:36	exelens        	Санкт-Петербург   	GMT+3	13
17.11.09	12:49	geohood        	None              	GMT+3	12
16.11.09	05:32	kiras          	None              	GMT+3	5
15.11.09	19:27	ice_tegliaf    	None              	GMT+3	19
14.11.09	23:58	nvbn           	Ангарск           	GMT+5	1
12.11.09	19:05	Midler         	СПб               	GMT+3	19
12.11.09	13:13	Username       	Рязань            	GMT+3	13
11.11.09	10:45	mikle          	Харьков           	GMT+3	10
08.11.09	00:58	exelens        	Санкт-Петербург   	GMT+3	0
06.11.09	02:15	ozalexo        	Нижний Новгород   	GMT+3	2
05.11.09	18:18	frichx         	None              	GMT+3	18
05.11.09	10:57	Sokoloff       	None              	GMT+3	10
03.11.09	23:12	viggo          	Ижевск            	GMT+4	0
03.11.09	13:53	Bethrezen      	Тамбов            	GMT+3	13
01.11.09	17:39	nvbn           	Ангарск           	GMT+5	19
01.11.09	01:34	al1e           	Солнечногорск     	GMT+3	1
31.10.09	13:48	h31            	Курск             	GMT+3	13
26.10.09	18:00	krig           	Омск              	GMT+6	21
26.10.09	10:07	Aesdana        	Москва            	GMT+3	10
23.10.09	23:23	exelens        	Санкт-Петербург   	GMT+3	23
22.10.09	21:06	AntoshaChips   	None              	GMT+3	21
22.10.09	17:42	exelens        	Санкт-Петербург   	GMT+3	17
22.10.09	11:53	forconst       	Пермь             	GMT+5	13
22.10.09	11:34	doochik        	Москва            	GMT+3	11
20.10.09	21:35	jrun           	Воскресенск       	GMT+3	21
20.10.09	11:46	ice_tegliaf    	None              	GMT+3	11
20.10.09	09:48	Guest007       	Выборг            	GMT+3	9
19.10.09	18:47	masterkey      	Казань            	GMT+3	18
15.10.09	14:46	ner_uto        	Тамбов            	GMT+3	14
13.10.09	23:53	zer0nka        	None              	GMT+3	23
12.10.09	15:35	Oni            	None              	GMT+3	15
12.10.09	00:58	Denis          	Одесса            	GMT+3	0
11.10.09	16:54	DEViANCE       	Днепропетровск    	GMT+3	16
08.10.09	10:27	iMelnik        	Москва            	GMT+3	10
07.10.09	23:49	dmntv          	None              	GMT+3	23
07.10.09	21:33	ZogG           	Тель-Авив         	GMT+3	21
07.10.09	19:17	Ostap          	None              	GMT+3	19
07.10.09	18:01	jrun           	Воскресенск       	GMT+3	18
07.10.09	15:02	idler          	None              	GMT+3	15
07.10.09	01:39	ner_uto        	Тамбов            	GMT+3	1
06.10.09	10:19	enko           	Дудинка           	GMT+3	10
05.10.09	19:12	FalleN         	Серпухов          	GMT+3	19
04.10.09	19:12	jrun           	Воскресенск       	GMT+3	19
03.10.09	07:07	Kraplax        	Ангарск           	GMT+5	9
02.10.09	01:10	d1g            	None              	GMT+3	1
01.10.09	20:59	distruktor     	Красноярск        	GMT+7	0
01.10.09	15:37	Kraplax        	Ангарск           	GMT+5	17
01.10.09	11:45	ant            	Хмельницкий       	GMT+3	11
30.09.09	17:01	SMiX           	Москва            	GMT+3	17
30.09.09	01:20	ner_uto        	Тамбов            	GMT+3	1
29.09.09	17:15	Username       	Рязань            	GMT+3	17
29.09.09	12:42	m0nhawk        	Киев              	GMT+3	12
29.09.09	12:42	m0nhawk        	Киев              	GMT+3	12
29.09.09	12:30	Filgor         	Москва            	GMT+3	12
29.09.09	11:53	exelens        	Санкт-Петербург   	GMT+3	11
29.09.09	03:50	NucleoFag      	Волгоград/Санкт-Петербург	GMT+3	3
28.09.09	13:52	xtavras        	Берлин            	GMT+3	13
28.09.09	00:45	exelens        	Санкт-Петербург   	GMT+3	0
28.09.09	00:38	exelens        	Санкт-Петербург   	GMT+3	0
28.09.09	00:24	ner_uto        	Тамбов            	GMT+3	0
26.09.09	00:33	frichx         	None              	GMT+3	0
25.09.09	19:39	garillka       	Москва            	GMT+3	19
25.09.09	13:02	iMelnik        	Москва            	GMT+3	13
24.09.09	15:04	ice_tegliaf    	None              	GMT+3	15
22.09.09	16:48	exelens        	Санкт-Петербург   	GMT+3	16
22.09.09	13:55	SMiX           	Москва            	GMT+3	13
22.09.09	10:01	viggo          	Ижевск            	GMT+4	11
21.09.09	19:28	m0nhawk        	Киев              	GMT+3	19
21.09.09	17:56	ice            	Петропавловск     	GMT+3	17
21.09.09	14:56	muhas          	Псков             	GMT+3	14
18.09.09	11:15	muhas          	Псков             	GMT+3	11
18.09.09	11:15	exelens        	Санкт-Петербург   	GMT+3	11
16.09.09	09:26	distruktor     	Красноярск        	GMT+7	13
14.09.09	16:03	lullaby        	None              	GMT+3	16
14.09.09	14:50	viggo          	Ижевск            	GMT+4	15
14.09.09	11:09	viggo          	Ижевск            	GMT+4	12
13.09.09	15:36	exelens        	Санкт-Петербург   	GMT+3	15
13.09.09	14:55	exelens        	Санкт-Петербург   	GMT+3	14
10.09.09	20:54	FalleN         	Серпухов          	GMT+3	20
09.09.09	23:16	|xed|          	Санкт-Петербург   	GMT+3	23
09.09.09	16:01	Harpagon       	Запорожье         	GMT+3	16
09.09.09	09:33	spyfzm         	None              	GMT+3	9
06.09.09	21:20	chemikadze     	Москва            	GMT+3	21
04.09.09	15:44	|xed|          	Санкт-Петербург   	GMT+3	15
04.09.09	14:21	xtavras        	Берлин            	GMT+3	14
04.09.09	09:46	muhas          	Псков             	GMT+3	9
02.09.09	02:47	Aesdana        	Москва            	GMT+3	2
01.09.09	12:06	exelens        	Санкт-Петербург   	GMT+3	12
29.08.09	17:20	todeus         	Владивосток       	GMT+10	0
29.08.09	12:50	MagoBuono      	Астрахань         	GMT+3	12
29.08.09	12:48	chemikadze     	Москва            	GMT+3	12
29.08.09	11:41	exelens        	Санкт-Петербург   	GMT+3	11
27.08.09	08:53	exelens        	Санкт-Петербург   	GMT+3	8
25.08.09	13:32	сергей         	None              	GMT+3	13
21.08.09	16:19	exelens        	Санкт-Петербург   	GMT+3	16
21.08.09	14:54	kopartm        	None              	GMT+3	14
19.08.09	16:36	Astramak       	Астрахань         	GMT+3	16
19.08.09	00:31	inkotnito      	Петрозаводск      	GMT+3	0
18.08.09	18:25	nvbn           	Ангарск           	GMT+5	20
17.08.09	18:09	Murz           	Нижний Новгород   	GMT+3	18
16.08.09	21:14	exelens        	Санкт-Петербург   	GMT+3	21
16.08.09	19:25	exelens        	Санкт-Петербург   	GMT+3	19
14.08.09	21:46	exelens        	Санкт-Петербург   	GMT+3	21
14.08.09	14:00	or10n          	Минск             	GMT+3	14
13.08.09	10:55	exelens        	Санкт-Петербург   	GMT+3	10
13.08.09	10:36	exelens        	Санкт-Петербург   	GMT+3	10
13.08.09	10:27	exelens        	Санкт-Петербург   	GMT+3	10
11.08.09	23:51	or10n          	Минск             	GMT+3	23
11.08.09	06:47	exelens        	Санкт-Петербург   	GMT+3	6
09.08.09	18:57	predator       	Москва            	GMT+3	18
09.08.09	09:53	exelens        	Санкт-Петербург   	GMT+3	9
05.08.09	10:02	m01            	None              	GMT+3	10
04.08.09	15:42	or10n          	Минск             	GMT+3	15
30.07.09	13:05	exelens        	Санкт-Петербург   	GMT+3	13
29.07.09	11:37	or10n          	Минск             	GMT+3	11
27.07.09	16:12	Elijah         	None              	GMT+3	16
27.07.09	10:35	patrick17      	None              	GMT+3	10
23.07.09	19:08	cyrus          	None              	GMT+3	19
22.07.09	14:54	exelens        	Санкт-Петербург   	GMT+3	14
20.07.09	02:26	umren          	None              	GMT+3	2
16.07.09	22:48	masai          	Бендеры           	GMT+3	22
14.07.09	16:41	exelens        	Санкт-Петербург   	GMT+3	16
14.07.09	10:42	exelens        	Санкт-Петербург   	GMT+3	10
14.07.09	10:18	exelens        	Санкт-Петербург   	GMT+3	10
13.07.09	23:11	lockie         	Дубна             	GMT+3	23
13.07.09	11:02	exelens        	Санкт-Петербург   	GMT+3	11
13.07.09	05:31	Xger           	Владивосток       	GMT+10	12
06.07.09	18:22	exelens        	Санкт-Петербург   	GMT+3	18
28.06.09	21:32	DefLexx13      	None              	GMT+3	21
27.06.09	06:32	nvbn           	Ангарск           	GMT+5	8
26.06.09	00:39	aonick         	None              	GMT+3	0
21.06.09	02:25	gosha          	None              	GMT+3	2
19.06.09	20:51	razum2um       	Барнаул           	GMT+6	23
17.06.09	18:36	Murz           	Нижний Новгород   	GMT+3	18
13.06.09	02:10	cyrus          	None              	GMT+3	2
11.06.09	19:18	xT             	Омск              	GMT+6	22
10.06.09	12:46	krig           	Омск              	GMT+6	15
08.06.09	10:50	exelens        	Санкт-Петербург   	GMT+3	10
03.06.09	13:02	nvbn           	Ангарск           	GMT+5	15
31.05.09	17:54	predator       	Москва            	GMT+3	17
26.05.09	21:03	safon4ik       	None              	GMT+3	21
26.05.09	12:20	al1e           	Солнечногорск     	GMT+3	12
26.05.09	08:05	exelens        	Санкт-Петербург   	GMT+3	8
24.05.09	13:19	nvbn           	Ангарск           	GMT+5	15
22.05.09	18:27	predator       	Москва            	GMT+3	18
22.05.09	16:03	FalleN         	Серпухов          	GMT+3	16
17.05.09	23:28	exelens        	Санкт-Петербург   	GMT+3	23
17.05.09	23:18	exelens        	Санкт-Петербург   	GMT+3	23
14.05.09	21:08	MAXH0          	None              	GMT+3	21
09.05.09	11:40	Murz           	Нижний Новгород   	GMT+3	11
07.05.09	23:25	Dreams         	None              	GMT+3	23
07.05.09	17:59	nvbn           	Ангарск           	GMT+5	19
07.05.09	12:57	kostiagol      	None              	GMT+3	12
05.05.09	13:14	Jayrome        	Иркутск           	GMT+8	18
03.05.09	12:23	exelens        	Санкт-Петербург   	GMT+3	12
30.04.09	02:47	cyrus          	None              	GMT+3	2
26.04.09	16:42	exelens        	Санкт-Петербург   	GMT+3	16
25.04.09	11:42	exelens        	Санкт-Петербург   	GMT+3	11
19.04.09	12:33	extra          	None              	GMT+3	12
18.04.09	19:33	xcr            	None              	GMT+3	19
18.04.09	09:29	exelens        	Санкт-Петербург   	GMT+3	9
18.04.09	09:28	exelens        	Санкт-Петербург   	GMT+3	9
18.04.09	09:23	exelens        	Санкт-Петербург   	GMT+3	9
18.04.09	02:20	dr_magnus      	Кременчуг         	GMT+3	2
18.04.09	01:06	exelens        	Санкт-Петербург   	GMT+3	1
17.04.09	20:56	Kraplax        	Ангарск           	GMT+5	22
16.04.09	21:21	exelens        	Санкт-Петербург   	GMT+3	21
15.04.09	13:22	|xed|          	Санкт-Петербург   	GMT+3	13
13.04.09	08:08	distruktor     	Красноярск        	GMT+7	12
11.04.09	21:41	exelens        	Санкт-Петербург   	GMT+3	21
10.04.09	18:14	pashazz        	None              	GMT+3	18
09.04.09	15:20	l1feh4ck3r     	Владивосток       	GMT+10	22
09.04.09	14:06	exelens        	Санкт-Петербург   	GMT+3	14
09.04.09	12:25	spiff          	Барнаул           	GMT+6	15
07.04.09	15:37	xcr            	None              	GMT+3	15
07.04.09	09:13	spiff          	Барнаул           	GMT+6	12
03.04.09	16:22	exelens        	Санкт-Петербург   	GMT+3	16
03.04.09	00:11	exelens        	Санкт-Петербург   	GMT+3	0
02.04.09	21:06	exelens        	Санкт-Петербург   	GMT+3	21
02.04.09	16:30	nvbn           	Ангарск           	GMT+5	18
28.03.09	19:47	SIM            	None              	GMT+3	19
26.03.09	10:12	exelens        	Санкт-Петербург   	GMT+3	10
25.03.09	15:51	KerneL         	None              	GMT+3	15
24.03.09	04:00	hidden         	Хабаровск         	GMT+10	11
23.03.09	06:29	kampfusbeke    	None              	GMT+3	6
22.03.09	13:38	exelens        	Санкт-Петербург   	GMT+3	13
21.03.09	18:26	xcr            	None              	GMT+3	18
20.03.09	16:44	spiff          	Барнаул           	GMT+6	19
18.03.09	21:42	Dreams         	None              	GMT+3	21
17.03.09	20:53	cmepthuk       	None              	GMT+3	20
16.03.09	18:53	exelens        	Санкт-Петербург   	GMT+3	18
16.03.09	17:38	l1feh4ck3r     	Владивосток       	GMT+10	0
15.03.09	23:13	KerneL         	None              	GMT+3	23
12.03.09	13:30	Kraplax        	Ангарск           	GMT+5	15
10.03.09	02:53	KerneL         	None              	GMT+3	2
17.02.09	17:36	xcr            	None              	GMT+3	17
06.02.09	12:33	Snake          	None              	GMT+3	12
05.02.09	00:13	KerneL         	None              	GMT+3	0
03.02.09	12:24	eva01          	None              	GMT+3	12
01.02.09	12:55	exelens        	Санкт-Петербург   	GMT+3	12
31.01.09	19:42	xcr            	None              	GMT+3	19
26.01.09	18:01	Kraplax        	Ангарск           	GMT+5	20
20.01.09	15:58	eva01          	None              	GMT+3	15
16.01.09	22:48	exelens        	Санкт-Петербург   	GMT+3	22
14.01.09	21:27	exelens        	Санкт-Петербург   	GMT+3	21
10.01.09	23:08	exelens        	Санкт-Петербург   	GMT+3	23

By-hour statictics for blog №35: 
 0: 4.99%	 [===                                                                             ]
 1: 5.21%	 [====                                                                            ]
 2: 2.82%	 [==                                                                              ]
 3: 1.52%	 [=                                                                               ]
 4: 0.43%	 [                                                                                ]
 5: 0.65%	 [                                                                                ]
 6: 0.43%	 [                                                                                ]
 7: 1.08%	 [                                                                                ]
 8: 1.74%	 [=                                                                               ]
 9: 3.25%	 [==                                                                              ]
10: 4.99%	 [===                                                                             ]
11: 4.56%	 [===                                                                             ]
12: 7.16%	 [=====                                                                           ]
13: 5.64%	 [====                                                                            ]
14: 3.90%	 [===                                                                             ]
15: 5.42%	 [====                                                                            ]
16: 6.29%	 [=====                                                                           ]
17: 4.99%	 [===                                                                             ]
18: 6.94%	 [=====                                                                           ]
19: 6.94%	 [=====                                                                           ]
20: 3.90%	 [===                                                                             ]
21: 5.86%	 [====                                                                            ]
22: 5.42%	 [====                                                                            ]
23: 5.86%	 [====                                                                            ]


